0 info it worked if it ends with ok
1 verbose cli [ '/home/ubuntu/.nvm/versions/node/v4.5.0/bin/node',
1 verbose cli   '/home/ubuntu/.nvm/versions/node/v4.5.0/bin/npm',
1 verbose cli   'start' ]
2 info using npm@3.10.8
3 info using node@v4.5.0
4 verbose run-script [ 'prestart', 'start', 'poststart' ]
5 info lifecycle angular2-rc3-victorroblesweb@1.0.0~prestart: angular2-rc3-victorroblesweb@1.0.0
6 silly lifecycle angular2-rc3-victorroblesweb@1.0.0~prestart: no script for prestart, continuing
7 info lifecycle angular2-rc3-victorroblesweb@1.0.0~start: angular2-rc3-victorroblesweb@1.0.0
8 verbose lifecycle angular2-rc3-victorroblesweb@1.0.0~start: unsafe-perm in lifecycle true
9 verbose lifecycle angular2-rc3-victorroblesweb@1.0.0~start: PATH: /home/ubuntu/.nvm/versions/node/v4.5.0/lib/node_modules/npm/bin/node-gyp-bin:/home/ubuntu/workspace/curso-fullstack/angular2rc3/node_modules/.bin:/home/ubuntu/.nvm/versions/node/v4.5.0/bin:/usr/local/rvm/gems/ruby-2.3.0/bin:/usr/local/rvm/gems/ruby-2.3.0@global/bin:/usr/local/rvm/rubies/ruby-2.3.0/bin:/mnt/shared/bin:/home/ubuntu/workspace/node_modules/.bin:/home/ubuntu/bin:/usr/local/sbin:/usr/local/bin:/usr/sbin:/usr/bin:/sbin:/bin:/mnt/shared/sbin:/opt/gitl:/opt/go/bin:/mnt/shared/c9/app.nw/bin:/usr/local/rvm/bin
10 verbose lifecycle angular2-rc3-victorroblesweb@1.0.0~start: CWD: /home/ubuntu/workspace/curso-fullstack/angular2rc3
11 silly lifecycle angular2-rc3-victorroblesweb@1.0.0~start: Args: [ '-c', 'tsc && concurrently "npm run tsc:w" "npm run lite" ' ]
12 silly lifecycle angular2-rc3-victorroblesweb@1.0.0~start: Returned: code: 2  signal: null
13 info lifecycle angular2-rc3-victorroblesweb@1.0.0~start: Failed to exec start script
14 verbose stack Error: angular2-rc3-victorroblesweb@1.0.0 start: `tsc && concurrently "npm run tsc:w" "npm run lite" `
14 verbose stack Exit status 2
14 verbose stack     at EventEmitter.<anonymous> (/home/ubuntu/.nvm/versions/node/v4.5.0/lib/node_modules/npm/lib/utils/lifecycle.js:255:16)
14 verbose stack     at emitTwo (events.js:87:13)
14 verbose stack     at EventEmitter.emit (events.js:172:7)
14 verbose stack     at ChildProcess.<anonymous> (/home/ubuntu/.nvm/versions/node/v4.5.0/lib/node_modules/npm/lib/utils/spawn.js:40:14)
14 verbose stack     at emitTwo (events.js:87:13)
14 verbose stack     at ChildProcess.emit (events.js:172:7)
14 verbose stack     at maybeClose (internal/child_process.js:829:16)
14 verbose stack     at Process.ChildProcess._handle.onexit (internal/child_process.js:211:5)
15 verbose pkgid angular2-rc3-victorroblesweb@1.0.0
16 verbose cwd /home/ubuntu/workspace/curso-fullstack/angular2rc3
17 error Linux 4.2.0-c9
18 error argv "/home/ubuntu/.nvm/versions/node/v4.5.0/bin/node" "/home/ubuntu/.nvm/versions/node/v4.5.0/bin/npm" "start"
19 error node v4.5.0
20 error npm  v3.10.8
21 error code ELIFECYCLE
22 error angular2-rc3-victorroblesweb@1.0.0 start: `tsc && concurrently "npm run tsc:w" "npm run lite" `
22 error Exit status 2
23 error Failed at the angular2-rc3-victorroblesweb@1.0.0 start script 'tsc && concurrently "npm run tsc:w" "npm run lite" '.
23 error Make sure you have the latest version of node.js and npm installed.
23 error If you do, this is most likely a problem with the angular2-rc3-victorroblesweb package,
23 error not with npm itself.
23 error Tell the author that this fails on your system:
23 error     tsc && concurrently "npm run tsc:w" "npm run lite"
23 error You can get information on how to open an issue for this project with:
23 error     npm bugs angular2-rc3-victorroblesweb
23 error Or if that isn't available, you can get their info via:
23 error     npm owner ls angular2-rc3-victorroblesweb
23 error There is likely additional logging output above.
24 verbose exit [ 1, true ]
